HARRY-PC 2013-02-03 00:23:02.8156 INFO /0.0.1/admin/collection/meta Parameter {
    "id": "2",
    "Director": [
        {
            "position": "Director",
            "firstName": "asdf",
            "lastName": "a",
            "title": "mr",
            "gender": "m",
            "email": "asdf@asdf.com",
            "facebook": "asdf",
            "linkedin": "asdf"
        }
    ],
    "Museum": [
        {
            "name": "sadf",
            "year": "1233",
            "url": "asdf",
            "telephone": "2314",
            "line1": "weaf"
        }
    ]
}
HARRY-PC 2013-02-03 00:23:33.7474 INFO /0.0.1/admin/collection/meta Parameter {
    "id": "2",
    "Director": [
        {
            "position": "Director",
            "firstName": "asdf",
            "lastName": "a",
            "title": "mr",
            "gender": "m",
            "email": "asdf@asdf.com",
            "facebook": "asdf",
            "linkedin": "asdf"
        }
    ],
    "Museum": [
        {
            "name": "sadf",
            "year": "1233",
            "url": "asdf",
            "telephone": "2314",
            "line1": "weaf"
        }
    ]
}
HARRY-PC 2013-02-03 00:24:30.0923 INFO /0.0.1/admin/collection/meta Parameter {
    "id": "2",
    "Director": [
        {
            "position": "Director",
            "firstName": "asdf",
            "lastName": "a",
            "title": "mr",
            "gender": "m",
            "email": "asdf@asdf.com",
            "facebook": "asdf",
            "linkedin": "asdf"
        }
    ],
    "Museum": [
        {
            "name": "sadf",
            "year": "1233",
            "url": "asdf",
            "telephone": "2314",
            "line1": "weaf"
        }
    ]
}
HARRY-PC 2013-02-03 00:24:43.3788 INFO /0.0.1/admin/collection/meta Parameter {
    "id": "2",
    "Director": [
        {
            "position": "Director",
            "firstName": "asdf",
            "lastName": "a",
            "title": "mr",
            "gender": "m",
            "email": "asdf@asdf.com",
            "facebook": "asdf",
            "linkedin": "asdf"
        }
    ],
    "Museum": [
        {
            "name": "sadf",
            "year": "1233",
            "url": "asdf",
            "telephone": "2314",
            "line1": "weaf"
        }
    ]
}
HARRY-PC 2013-02-03 02:04:01.7339 INFO /0.0.1/admin/collection/meta Parameter {
    "id": "2",
    "Director": [
        {
            "position": "Director",
            "firstName": "asdf",
            "lastName": "a",
            "title": "mr",
            "gender": "m",
            "email": "asdf@asdf.com",
            "facebook": "asdf",
            "linkedin": "asdf"
        }
    ],
    "Museum": [
        {
            "name": "sadf",
            "year": "1233",
            "url": "asdf",
            "telephone": "2314",
            "line1": "weaf"
        }
    ]
}
HARRY-PC 2013-02-03 02:04:27.2724 INFO /0.0.1/admin/collection/meta Parameter {
    "id": "2",
    "Director": [
        {
            "position": "Director",
            "firstName": "asdf",
            "lastName": "a",
            "title": "mr",
            "gender": "m",
            "email": "asdf@asdf.com",
            "facebook": "asdf",
            "linkedin": "asdf"
        }
    ],
    "Museum": [
        {
            "name": "sadf",
            "year": "1233",
            "url": "asdf",
            "telephone": "2314",
            "line1": "weaf"
        }
    ]
}
HARRY-PC 2013-02-03 02:05:31.7850 INFO /0.0.1/admin/collection/meta Parameter {
    "id": "2",
    "Director": [
        {
            "position": "Director",
            "firstName": "asdf",
            "lastName": "a",
            "title": "mr",
            "gender": "m",
            "email": "asdf@asdf.com",
            "facebook": "asdf",
            "linkedin": "asdf"
        }
    ],
    "Museum": [
        {
            "name": "sadf",
            "year": "1233",
            "url": "asdf",
            "telephone": "2314",
            "line1": "weaf"
        }
    ]
}
HARRY-PC 2013-02-03 02:11:43.4783 INFO /0.0.1/admin/collection/meta Parameter {
    "id": "2",
    "Director": [
        {
            "position": "Director",
            "firstName": "asdf",
            "lastName": "a",
            "title": "mr",
            "gender": "m",
            "email": "asdf@asdf.com",
            "facebook": "asdf",
            "linkedin": "asdf"
        }
    ],
    "Museum": [
        {
            "name": "sadf",
            "year": "1233",
            "url": "asdf",
            "telephone": "2314",
            "line1": "weaf"
        }
    ]
}
HARRY-PC 2013-02-03 02:12:12.5964 INFO /0.0.1/admin/collection/meta Parameter {
    "id": "2",
    "Director": [
        {
            "position": "Director",
            "firstName": "asdf",
            "lastName": "a",
            "title": "mr",
            "gender": "m",
            "email": "asdf@asdf.com",
            "facebook": "asdf",
            "linkedin": "asdf"
        }
    ],
    "Museum": [
        {
            "name": "sadf",
            "year": "1233",
            "url": "asdf",
            "telephone": "2314",
            "line1": "weaf"
        }
    ]
}
HARRY-PC 2013-02-03 02:12:22.6752 INFO /0.0.1/admin/collection/meta Parameter {
    "id": "2",
    "Director": [
        {
            "position": "Director",
            "firstName": "asdf",
            "lastName": "a",
            "title": "mr",
            "gender": "m",
            "email": "asdf@asdf.com",
            "facebook": "asdf",
            "linkedin": "asdf"
        }
    ],
    "Museum": [
        {
            "name": "sadf",
            "year": "1233",
            "url": "asdf",
            "telephone": "2314",
            "line1": "weaf"
        }
    ]
}
HARRY-PC 2013-02-03 02:13:43.1795 INFO /0.0.1/admin/collection/meta Parameter {
    "id": "2",
    "Director": [
        {
            "position": "Director",
            "firstName": "asdf",
            "lastName": "a",
            "title": "mr",
            "gender": "m",
            "email": "asdf@asdf.com",
            "facebook": "asdf",
            "linkedin": "asdf"
        }
    ],
    "Museum": [
        {
            "name": "sadf",
            "year": "1233",
            "url": "asdf",
            "telephone": "2314",
            "line1": "weaf"
        }
    ]
}
HARRY-PC 2013-02-03 02:14:55.0079 INFO /0.0.1/admin/collection/meta Parameter {
    "id": "2",
    "Director": [
        {
            "position": "Director",
            "firstName": "asdf",
            "lastName": "a",
            "title": "mr",
            "gender": "m",
            "email": "asdf@asdf.com",
            "facebook": "asdf",
            "linkedin": "asdf"
        }
    ],
    "Museum": [
        {
            "name": "sadf",
            "year": "1233",
            "url": "asdf",
            "telephone": "2314",
            "line1": "weaf"
        }
    ]
}
HARRY-PC 2013-02-03 02:16:27.8272 INFO /0.0.1/admin/collection/meta Parameter {
    "id": "2",
    "Director": [
        {
            "position": "Director",
            "firstName": "asdf",
            "lastName": "a",
            "title": "mr",
            "gender": "m",
            "email": "asdf@asdf.com",
            "facebook": "asdf",
            "linkedin": "asdf"
        }
    ],
    "Museum": [
        {
            "name": "sadf",
            "year": "1233",
            "url": "asdf",
            "telephone": "2314",
            "line1": "weaf"
        }
    ]
}
HARRY-PC 2013-02-03 02:16:59.1079 INFO /0.0.1/admin/collection/meta Parameter {
    "id": "2",
    "Director": [
        {
            "position": "Director",
            "firstName": "asdf",
            "lastName": "a",
            "title": "mr",
            "gender": "m",
            "email": "asdf@asdf.com",
            "facebook": "asdf",
            "linkedin": "asdf"
        }
    ],
    "Museum": [
        {
            "name": "sadf",
            "year": "1233",
            "url": "asdf",
            "telephone": "2314",
            "line1": "weaf"
        }
    ]
}
HARRY-PC 2013-02-03 02:21:16.7139 INFO /0.0.1/admin/collection/meta Parameter {
    "id": "2",
    "Director": [
        {
            "position": "Director",
            "firstName": "asdf",
            "lastName": "a",
            "title": "mr",
            "gender": "m",
            "email": "asdf@asdf.com",
            "facebook": "asdf",
            "linkedin": "asdf"
        }
    ],
    "Museum": [
        {
            "name": "sadf",
            "year": "1233",
            "url": "asdf",
            "telephone": "2314",
            "line1": "weaf"
        }
    ]
}
HARRY-PC 2013-02-03 02:21:53.3121 INFO /0.0.1/admin/collection/meta Parameter {
    "id": "2",
    "Director": [
        {
            "position": "Director",
            "firstName": "asdf",
            "lastName": "a",
            "title": "mr",
            "gender": "m",
            "email": "asdf@asdf.com",
            "facebook": "asdf",
            "linkedin": "asdf"
        }
    ],
    "Museum": [
        {
            "name": "sadf",
            "year": "1233",
            "url": "asdf",
            "telephone": "2314",
            "line1": "weaf"
        }
    ]
}
HARRY-PC 2013-02-03 02:28:11.5684 INFO /0.0.1/admin/collection/meta Parameter {
    "id": "2",
    "Director": [
        {
            "position": "Director",
            "firstName": "asdf",
            "lastName": "a",
            "title": "mr",
            "gender": "m",
            "email": "asdf@asdf.com",
            "facebook": "asdf",
            "linkedin": "asdf"
        }
    ],
    "Museum": [
        {
            "name": "sadf",
            "year": "1233",
            "url": "asdf",
            "telephone": "2314",
            "line1": "weaf"
        }
    ]
}
HARRY-PC 2013-02-03 02:28:20.3163 INFO /0.0.1/admin/collection/meta Parameter {
    "id": "2",
    "Director": [
        {
            "position": "Director",
            "firstName": "asdf",
            "lastName": "a",
            "title": "mr",
            "gender": "m",
            "email": "asdf@asdf.com",
            "facebook": "asdf",
            "linkedin": "asdf"
        }
    ],
    "Museum": [
        {
            "name": "sadf",
            "year": "1233",
            "url": "asdf",
            "telephone": "2314",
            "line1": "weaf"
        }
    ]
}
HARRY-PC 2013-02-03 13:55:22.1289 INFO /0.0.1/admin/collection/meta Parameter {
    "id": "2",
    "Director": [
        {
            "position": "Director",
            "firstName": "asdf",
            "lastName": "a",
            "title": "mr",
            "gender": "m",
            "email": "asdf@asdf.com",
            "facebook": "asdf",
            "linkedin": "asdf"
        }
    ],
    "Museum": [
        {
            "name": "sadf",
            "year": "1233",
            "url": "asdf",
            "telephone": "2314",
            "line1": "weaf"
        }
    ]
}
HARRY-PC 2013-02-03 14:04:55.1147 INFO /0.0.1/admin/collection/meta Parameter {
    "id": "2",
    "Director": [
        {
            "position": "Director",
            "firstName": "asdf",
            "lastName": "a",
            "title": "mr",
            "gender": "m",
            "email": "asdf@asdf.com",
            "facebook": "asdf",
            "linkedin": "asdf"
        }
    ],
    "Museum": [
        {
            "name": "sadf",
            "year": "1233",
            "url": "asdf",
            "telephone": "2314",
            "line1": "weaf"
        }
    ]
}
HARRY-PC 2013-02-03 14:05:37.6516 INFO /0.0.1/admin/collection/meta Parameter {
    "id": "2",
    "Director": [
        {
            "position": "Director",
            "firstName": "asdf",
            "lastName": "a",
            "title": "mr",
            "gender": "m",
            "email": "asdf@asdf.com",
            "facebook": "asdf",
            "linkedin": "asdf"
        }
    ],
    "Museum": [
        {
            "name": "sadf",
            "year": "1233",
            "url": "asdf",
            "telephone": "2314",
            "line1": "weaf"
        }
    ]
}
HARRY-PC 2013-02-03 14:13:34.1211 INFO /0.0.1/admin/collection/meta Parameter 
HARRY-PC 2013-02-03 14:13:34.2255 ERROR Newtonsoft.Json.JsonReaderException: Error reading JObject from JsonReader. Path '', line 0, position 0.
   at Newtonsoft.Json.Linq.JObject.Load(JsonReader reader)
   at Newtonsoft.Json.Linq.JObject.Parse(String json)
   at LarrysList.Controllers.Admin.CollectionController.meta() in c:\LarrysList\code\LarrysList\LarrysList\Controllers\Admin\CollectionController.cs:line 131|||
HARRY-PC 2013-02-03 14:14:35.3287 INFO /0.0.1/admin/collection/meta Parameter 
HARRY-PC 2013-02-03 15:02:30.2581 INFO /0.0.1/admin/collection/meta Parameter 
HARRY-PC 2013-02-03 15:02:30.3572 ERROR Newtonsoft.Json.JsonReaderException: Error reading JObject from JsonReader. Path '', line 0, position 0.
   at Newtonsoft.Json.Linq.JObject.Load(JsonReader reader)
   at Newtonsoft.Json.Linq.JObject.Parse(String json)
   at LarrysList.Controllers.Admin.CollectionController.meta() in c:\LarrysList\code\LarrysList\LarrysList\Controllers\Admin\CollectionController.cs:line 135|||
HARRY-PC 2013-02-03 15:02:47.2283 INFO /0.0.1/admin/collection/meta Parameter 
HARRY-PC 2013-02-03 15:02:47.3055 ERROR Newtonsoft.Json.JsonReaderException: Error reading JObject from JsonReader. Path '', line 0, position 0.
   at Newtonsoft.Json.Linq.JObject.Load(JsonReader reader)
   at Newtonsoft.Json.Linq.JObject.Parse(String json)
   at LarrysList.Controllers.Admin.CollectionController.meta() in c:\LarrysList\code\LarrysList\LarrysList\Controllers\Admin\CollectionController.cs:line 135|||
HARRY-PC 2013-02-03 15:03:00.5155 INFO /0.0.1/admin/collection/meta Parameter 
HARRY-PC 2013-02-03 15:03:16.1625 ERROR Newtonsoft.Json.JsonReaderException: Error reading JObject from JsonReader. Path '', line 0, position 0.
   at Newtonsoft.Json.Linq.JObject.Load(JsonReader reader)
   at Newtonsoft.Json.Linq.JObject.Parse(String json)
   at LarrysList.Controllers.Admin.CollectionController.meta() in c:\LarrysList\code\LarrysList\LarrysList\Controllers\Admin\CollectionController.cs:line 135|||
HARRY-PC 2013-02-03 18:14:27.3031 INFO /0.0.1/admin/feeder/forgotPwd Parameter {"email":"5235423@friendfund.com"}
HARRY-PC 2013-02-03 18:17:01.2564 INFO /0.0.1/admin/feeder/forgotPwd Parameter {"email":"5235423@friendfund.com"}
HARRY-PC 2013-02-03 18:17:18.8979 INFO /0.0.1/admin/feeder/resendForgotPwd Parameter {"email":"5235423@friendfund.com"}
HARRY-PC 2013-02-03 18:17:43.5992 INFO /0.0.1/admin/feeder/resendForgotPwd Parameter {"email":"5235423@friendfund.com"}
HARRY-PC 2013-02-03 18:20:10.4141 INFO /0.0.1/admin/feeder/resendForgotPwd Parameter {"email":"5235423@friendfund.com"}
HARRY-PC 2013-02-03 18:38:53.9975 INFO /0.0.1/admin/config Parameter {"email":"5235423@friendfund.com"}
HARRY-PC 2013-02-03 18:40:04.6964 INFO /0.0.1/admin/config Parameter {"email":"5235423@friendfund.com"}
