HARRY-LAPTOP 2013-08-13 12:43:51.8262 INFO /0.0.1/web/credit/paymentresult Parameter {
    "tel": "",
    "instId": "301925",
    "countryString": "Germany",
    "currency": "EUR",
    "charenc": "UTF-8",
    "amountString": "EUR199.00",
    "routeKey": "ECMC-SSL",
    "testMode": "100",
    "rawAuthMessage": "cardbe.msg.authorised",
    "authAmountString": "EUR199.00",
    "displayAddress": "asf\n\n\nadsf",
    "authMode": "A",
    "_SP.charEnc": "UTF-8",
    "rawAuthCode": "A",
    "authAmount": "199.00",
    "M_shopperReference": "D319FE4F-97C8-4DAA-BB01-D5FA3D1EC4BF",
    "msgType": [
        "authResult",
        "authResult"
    ],
    "countryMatch": "S",
    "transId": "146984767",
    "email": "anderson.spam.br@gmail.com",
    "transTime": "1375377834216",
    "fax": "",
    "authCurrency": "EUR",
    "compName": "Larry's List Limited",
    "wafMerchMessage": "waf.warning",
    "address1": "asf",
    "address2": "",
    "address3": "",
    "town": "adsf",
    "cardType": "MasterCard",
    "address": "asf\n\n\nadsf",
    "desc": "",
    "lang": "en",
    "installation": [
        "301925",
        "301925"
    ],
    "name": "Test",
    "cartId": "0056227D-A1B0-4F6D-B185-B3B87437C607",
    "country": "DE",
    "region": "",
    "callbackPW": "",
    "authCost": "199.00",
    "AVS": "1111",
    "amount": "199.00",
    "cost": "199.00",
    "transStatus": "Y",
    "ipAddress": "24.134.73.33",
    "postcode": ""
}
HARRY-LAPTOP 2013-08-13 12:44:25.8230 ERROR System.NullReferenceException: Object reference not set to an instance of an object.
   at LarrysList.Controllers.Web.CreditController.paymentResult(AdyenResult adyenResult) in c:\LarrysList\code\LarrysList\LarrysList\Controllers\Web\CreditController.cs:line 35|||{
    "tel": "",
    "instId": "301925",
    "countryString": "Germany",
    "currency": "EUR",
    "charenc": "UTF-8",
    "amountString": "EUR199.00",
    "routeKey": "ECMC-SSL",
    "testMode": "100",
    "rawAuthMessage": "cardbe.msg.authorised",
    "authAmountString": "EUR199.00",
    "displayAddress": "asf\n\n\nadsf",
    "authMode": "A",
    "_SP.charEnc": "UTF-8",
    "rawAuthCode": "A",
    "authAmount": "199.00",
    "M_shopperReference": "D319FE4F-97C8-4DAA-BB01-D5FA3D1EC4BF",
    "msgType": [
        "authResult",
        "authResult"
    ],
    "countryMatch": "S",
    "transId": "146984767",
    "email": "anderson.spam.br@gmail.com",
    "transTime": "1375377834216",
    "fax": "",
    "authCurrency": "EUR",
    "compName": "Larry's List Limited",
    "wafMerchMessage": "waf.warning",
    "address1": "asf",
    "address2": "",
    "address3": "",
    "town": "adsf",
    "cardType": "MasterCard",
    "address": "asf\n\n\nadsf",
    "desc": "",
    "lang": "en",
    "installation": [
        "301925",
        "301925"
    ],
    "name": "Test",
    "cartId": "0056227D-A1B0-4F6D-B185-B3B87437C607",
    "country": "DE",
    "region": "",
    "callbackPW": "",
    "authCost": "199.00",
    "AVS": "1111",
    "amount": "199.00",
    "cost": "199.00",
    "transStatus": "Y",
    "ipAddress": "24.134.73.33",
    "postcode": ""
}
HARRY-LAPTOP 2013-08-13 12:50:21.0188 INFO /0.0.1/web/credit/paymentresult Parameter {
    "tel": "",
    "instId": "301925",
    "countryString": "Germany",
    "currency": "EUR",
    "charenc": "UTF-8",
    "amountString": "EUR199.00",
    "routeKey": "ECMC-SSL",
    "testMode": "100",
    "rawAuthMessage": "cardbe.msg.authorised",
    "authAmountString": "EUR199.00",
    "displayAddress": "asf\n\n\nadsf",
    "authMode": "A",
    "_SP.charEnc": "UTF-8",
    "rawAuthCode": "A",
    "authAmount": "199.00",
    "M_shopperReference": "D319FE4F-97C8-4DAA-BB01-D5FA3D1EC4BF",
    "msgType": [
        "authResult",
        "authResult"
    ],
    "countryMatch": "S",
    "transId": "146984767",
    "email": "anderson.spam.br@gmail.com",
    "transTime": "1375377834216",
    "fax": "",
    "authCurrency": "EUR",
    "compName": "Larry's List Limited",
    "wafMerchMessage": "waf.warning",
    "address1": "asf",
    "address2": "",
    "address3": "",
    "town": "adsf",
    "cardType": "MasterCard",
    "address": "asf\n\n\nadsf",
    "desc": "",
    "lang": "en",
    "installation": [
        "301925",
        "301925"
    ],
    "name": "Test",
    "cartId": "0056227D-A1B0-4F6D-B185-B3B87437C607",
    "country": "DE",
    "region": "",
    "callbackPW": "",
    "authCost": "199.00",
    "AVS": "1111",
    "amount": "199.00",
    "cost": "199.00",
    "transStatus": "Y",
    "ipAddress": "24.134.73.33",
    "postcode": ""
}
HARRY-LAPTOP 2013-08-13 12:50:40.5809 ERROR Error saving payment notice to DBAttempted to divide by zero.
HARRY-LAPTOP 2013-08-13 12:50:43.8801 ERROR System.DivideByZeroException: Attempted to divide by zero.
   at LarryList.Services.PaymentService.CreatePaymentNotice.save(PaymentNotice paymentNotice) in c:\LarrysList\code\LarrysList\LarrysList\Services\Payment\CreatePaymentNotice.cs:line 44
   at LarrysList.Controllers.Web.CreditController.paymentResult(AdyenResult adyenResult) in c:\LarrysList\code\LarrysList\LarrysList\Controllers\Web\CreditController.cs:line 45|||{
    "tel": "",
    "instId": "301925",
    "countryString": "Germany",
    "currency": "EUR",
    "charenc": "UTF-8",
    "amountString": "EUR199.00",
    "routeKey": "ECMC-SSL",
    "testMode": "100",
    "rawAuthMessage": "cardbe.msg.authorised",
    "authAmountString": "EUR199.00",
    "displayAddress": "asf\n\n\nadsf",
    "authMode": "A",
    "_SP.charEnc": "UTF-8",
    "rawAuthCode": "A",
    "authAmount": "199.00",
    "M_shopperReference": "D319FE4F-97C8-4DAA-BB01-D5FA3D1EC4BF",
    "msgType": [
        "authResult",
        "authResult"
    ],
    "countryMatch": "S",
    "transId": "146984767",
    "email": "anderson.spam.br@gmail.com",
    "transTime": "1375377834216",
    "fax": "",
    "authCurrency": "EUR",
    "compName": "Larry's List Limited",
    "wafMerchMessage": "waf.warning",
    "address1": "asf",
    "address2": "",
    "address3": "",
    "town": "adsf",
    "cardType": "MasterCard",
    "address": "asf\n\n\nadsf",
    "desc": "",
    "lang": "en",
    "installation": [
        "301925",
        "301925"
    ],
    "name": "Test",
    "cartId": "0056227D-A1B0-4F6D-B185-B3B87437C607",
    "country": "DE",
    "region": "",
    "callbackPW": "",
    "authCost": "199.00",
    "AVS": "1111",
    "amount": "199.00",
    "cost": "199.00",
    "transStatus": "Y",
    "ipAddress": "24.134.73.33",
    "postcode": ""
}
HARRY-LAPTOP 2013-08-13 12:51:01.7232 INFO /0.0.1/web/credit/paymentresult Parameter {
    "tel": "",
    "instId": "301925",
    "countryString": "Germany",
    "currency": "EUR",
    "charenc": "UTF-8",
    "amountString": "EUR199.00",
    "routeKey": "ECMC-SSL",
    "testMode": "100",
    "rawAuthMessage": "cardbe.msg.authorised",
    "authAmountString": "EUR199.00",
    "displayAddress": "asf\n\n\nadsf",
    "authMode": "A",
    "_SP.charEnc": "UTF-8",
    "rawAuthCode": "A",
    "authAmount": "199.00",
    "M_shopperReference": "D319FE4F-97C8-4DAA-BB01-D5FA3D1EC4BF",
    "msgType": [
        "authResult",
        "authResult"
    ],
    "countryMatch": "S",
    "transId": "146984767",
    "email": "anderson.spam.br@gmail.com",
    "transTime": "1375377834216",
    "fax": "",
    "authCurrency": "EUR",
    "compName": "Larry's List Limited",
    "wafMerchMessage": "waf.warning",
    "address1": "asf",
    "address2": "",
    "address3": "",
    "town": "adsf",
    "cardType": "MasterCard",
    "address": "asf\n\n\nadsf",
    "desc": "",
    "lang": "en",
    "installation": [
        "301925",
        "301925"
    ],
    "name": "Test",
    "cartId": "0056227D-A1B0-4F6D-B185-B3B87437C607",
    "country": "DE",
    "region": "",
    "callbackPW": "",
    "authCost": "199.00",
    "AVS": "1111",
    "amount": "199.00",
    "cost": "199.00",
    "transStatus": "Y",
    "ipAddress": "24.134.73.33",
    "postcode": ""
}
HARRY-LAPTOP 2013-08-13 12:51:45.4400 ERROR Error saving payment notice to DBAttempted to divide by zero.
HARRY-LAPTOP 2013-08-13 12:51:47.9203 ERROR System.DivideByZeroException: Attempted to divide by zero.
   at LarryList.Services.PaymentService.CreatePaymentNotice.save(PaymentNotice paymentNotice) in c:\LarrysList\code\LarrysList\LarrysList\Services\Payment\CreatePaymentNotice.cs:line 44
   at LarrysList.Controllers.Web.CreditController.paymentResult(AdyenResult adyenResult) in c:\LarrysList\code\LarrysList\LarrysList\Controllers\Web\CreditController.cs:line 45|||{
    "tel": "",
    "instId": "301925",
    "countryString": "Germany",
    "currency": "EUR",
    "charenc": "UTF-8",
    "amountString": "EUR199.00",
    "routeKey": "ECMC-SSL",
    "testMode": "100",
    "rawAuthMessage": "cardbe.msg.authorised",
    "authAmountString": "EUR199.00",
    "displayAddress": "asf\n\n\nadsf",
    "authMode": "A",
    "_SP.charEnc": "UTF-8",
    "rawAuthCode": "A",
    "authAmount": "199.00",
    "M_shopperReference": "D319FE4F-97C8-4DAA-BB01-D5FA3D1EC4BF",
    "msgType": [
        "authResult",
        "authResult"
    ],
    "countryMatch": "S",
    "transId": "146984767",
    "email": "anderson.spam.br@gmail.com",
    "transTime": "1375377834216",
    "fax": "",
    "authCurrency": "EUR",
    "compName": "Larry's List Limited",
    "wafMerchMessage": "waf.warning",
    "address1": "asf",
    "address2": "",
    "address3": "",
    "town": "adsf",
    "cardType": "MasterCard",
    "address": "asf\n\n\nadsf",
    "desc": "",
    "lang": "en",
    "installation": [
        "301925",
        "301925"
    ],
    "name": "Test",
    "cartId": "0056227D-A1B0-4F6D-B185-B3B87437C607",
    "country": "DE",
    "region": "",
    "callbackPW": "",
    "authCost": "199.00",
    "AVS": "1111",
    "amount": "199.00",
    "cost": "199.00",
    "transStatus": "Y",
    "ipAddress": "24.134.73.33",
    "postcode": ""
}
HARRY-LAPTOP 2013-08-13 12:52:56.9146 INFO /0.0.1/web/credit/paymentresult Parameter {
    "tel": "",
    "instId": "301925",
    "countryString": "Germany",
    "currency": "EUR",
    "charenc": "UTF-8",
    "amountString": "EUR199.00",
    "routeKey": "ECMC-SSL",
    "testMode": "100",
    "rawAuthMessage": "cardbe.msg.authorised",
    "authAmountString": "EUR199.00",
    "displayAddress": "asf\n\n\nadsf",
    "authMode": "A",
    "_SP.charEnc": "UTF-8",
    "rawAuthCode": "A",
    "authAmount": "199.00",
    "M_shopperReference": "D319FE4F-97C8-4DAA-BB01-D5FA3D1EC4BF",
    "msgType": [
        "authResult",
        "authResult"
    ],
    "countryMatch": "S",
    "transId": "146984767",
    "email": "anderson.spam.br@gmail.com",
    "transTime": "1375377834216",
    "fax": "",
    "authCurrency": "EUR",
    "compName": "Larry's List Limited",
    "wafMerchMessage": "waf.warning",
    "address1": "asf",
    "address2": "",
    "address3": "",
    "town": "adsf",
    "cardType": "MasterCard",
    "address": "asf\n\n\nadsf",
    "desc": "",
    "lang": "en",
    "installation": [
        "301925",
        "301925"
    ],
    "name": "Test",
    "cartId": "0056227D-A1B0-4F6D-B185-B3B87437C607",
    "country": "DE",
    "region": "",
    "callbackPW": "",
    "authCost": "199.00",
    "AVS": "1111",
    "amount": "199.00",
    "cost": "199.00",
    "transStatus": "Y",
    "ipAddress": "24.134.73.33",
    "postcode": ""
}
HARRY-LAPTOP 2013-08-13 12:53:01.6840 ERROR Error saving payment notice to DBAttempted to divide by zero.
HARRY-LAPTOP 2013-08-13 12:53:11.5126 ERROR System.DivideByZeroException: Attempted to divide by zero.
   at LarryList.Services.PaymentService.CreatePaymentNotice.save(PaymentNotice paymentNotice) in c:\LarrysList\code\LarrysList\LarrysList\Services\Payment\CreatePaymentNotice.cs:line 44
   at LarrysList.Controllers.Web.CreditController.paymentResult(AdyenResult adyenResult) in c:\LarrysList\code\LarrysList\LarrysList\Controllers\Web\CreditController.cs:line 45|||{
    "tel": "",
    "instId": "301925",
    "countryString": "Germany",
    "currency": "EUR",
    "charenc": "UTF-8",
    "amountString": "EUR199.00",
    "routeKey": "ECMC-SSL",
    "testMode": "100",
    "rawAuthMessage": "cardbe.msg.authorised",
    "authAmountString": "EUR199.00",
    "displayAddress": "asf\n\n\nadsf",
    "authMode": "A",
    "_SP.charEnc": "UTF-8",
    "rawAuthCode": "A",
    "authAmount": "199.00",
    "M_shopperReference": "D319FE4F-97C8-4DAA-BB01-D5FA3D1EC4BF",
    "msgType": [
        "authResult",
        "authResult"
    ],
    "countryMatch": "S",
    "transId": "146984767",
    "email": "anderson.spam.br@gmail.com",
    "transTime": "1375377834216",
    "fax": "",
    "authCurrency": "EUR",
    "compName": "Larry's List Limited",
    "wafMerchMessage": "waf.warning",
    "address1": "asf",
    "address2": "",
    "address3": "",
    "town": "adsf",
    "cardType": "MasterCard",
    "address": "asf\n\n\nadsf",
    "desc": "",
    "lang": "en",
    "installation": [
        "301925",
        "301925"
    ],
    "name": "Test",
    "cartId": "0056227D-A1B0-4F6D-B185-B3B87437C607",
    "country": "DE",
    "region": "",
    "callbackPW": "",
    "authCost": "199.00",
    "AVS": "1111",
    "amount": "199.00",
    "cost": "199.00",
    "transStatus": "Y",
    "ipAddress": "24.134.73.33",
    "postcode": ""
}
HARRY-LAPTOP 2013-08-13 12:53:28.9085 INFO /0.0.1/web/credit/paymentresult Parameter {
    "tel": "",
    "instId": "301925",
    "countryString": "Germany",
    "currency": "EUR",
    "charenc": "UTF-8",
    "amountString": "EUR199.00",
    "routeKey": "ECMC-SSL",
    "testMode": "100",
    "rawAuthMessage": "cardbe.msg.authorised",
    "authAmountString": "EUR199.00",
    "displayAddress": "asf\n\n\nadsf",
    "authMode": "A",
    "_SP.charEnc": "UTF-8",
    "rawAuthCode": "A",
    "authAmount": "199.00",
    "M_shopperReference": "D319FE4F-97C8-4DAA-BB01-D5FA3D1EC4BF",
    "msgType": [
        "authResult",
        "authResult"
    ],
    "countryMatch": "S",
    "transId": "146984767",
    "email": "anderson.spam.br@gmail.com",
    "transTime": "1375377834216",
    "fax": "",
    "authCurrency": "EUR",
    "compName": "Larry's List Limited",
    "wafMerchMessage": "waf.warning",
    "address1": "asf",
    "address2": "",
    "address3": "",
    "town": "adsf",
    "cardType": "MasterCard",
    "address": "asf\n\n\nadsf",
    "desc": "",
    "lang": "en",
    "installation": [
        "301925",
        "301925"
    ],
    "name": "Test",
    "cartId": "0056227D-A1B0-4F6D-B185-B3B87437C607",
    "country": "DE",
    "region": "",
    "callbackPW": "",
    "authCost": "199.00",
    "AVS": "1111",
    "amount": "199.00",
    "cost": "199.00",
    "transStatus": "Y",
    "ipAddress": "24.134.73.33",
    "postcode": ""
}
HARRY-LAPTOP 2013-08-13 12:53:44.7290 ERROR Error saving payment notice to DBAttempted to divide by zero.
HARRY-LAPTOP 2013-08-13 12:53:46.3739 ERROR System.DivideByZeroException: Attempted to divide by zero.
   at LarryList.Services.PaymentService.CreatePaymentNotice.save(PaymentNotice paymentNotice) in c:\LarrysList\code\LarrysList\LarrysList\Services\Payment\CreatePaymentNotice.cs:line 44
   at LarrysList.Controllers.Web.CreditController.paymentResult(AdyenResult adyenResult) in c:\LarrysList\code\LarrysList\LarrysList\Controllers\Web\CreditController.cs:line 45|||{
    "tel": "",
    "instId": "301925",
    "countryString": "Germany",
    "currency": "EUR",
    "charenc": "UTF-8",
    "amountString": "EUR199.00",
    "routeKey": "ECMC-SSL",
    "testMode": "100",
    "rawAuthMessage": "cardbe.msg.authorised",
    "authAmountString": "EUR199.00",
    "displayAddress": "asf\n\n\nadsf",
    "authMode": "A",
    "_SP.charEnc": "UTF-8",
    "rawAuthCode": "A",
    "authAmount": "199.00",
    "M_shopperReference": "D319FE4F-97C8-4DAA-BB01-D5FA3D1EC4BF",
    "msgType": [
        "authResult",
        "authResult"
    ],
    "countryMatch": "S",
    "transId": "146984767",
    "email": "anderson.spam.br@gmail.com",
    "transTime": "1375377834216",
    "fax": "",
    "authCurrency": "EUR",
    "compName": "Larry's List Limited",
    "wafMerchMessage": "waf.warning",
    "address1": "asf",
    "address2": "",
    "address3": "",
    "town": "adsf",
    "cardType": "MasterCard",
    "address": "asf\n\n\nadsf",
    "desc": "",
    "lang": "en",
    "installation": [
        "301925",
        "301925"
    ],
    "name": "Test",
    "cartId": "0056227D-A1B0-4F6D-B185-B3B87437C607",
    "country": "DE",
    "region": "",
    "callbackPW": "",
    "authCost": "199.00",
    "AVS": "1111",
    "amount": "199.00",
    "cost": "199.00",
    "transStatus": "Y",
    "ipAddress": "24.134.73.33",
    "postcode": ""
}
HARRY-LAPTOP 2013-08-13 12:54:50.8897 INFO /0.0.1/web/credit/paymentresult Parameter {
    "tel": "",
    "instId": "301925",
    "countryString": "Germany",
    "currency": "EUR",
    "charenc": "UTF-8",
    "amountString": "EUR199.00",
    "routeKey": "ECMC-SSL",
    "testMode": "100",
    "rawAuthMessage": "cardbe.msg.authorised",
    "authAmountString": "EUR199.00",
    "displayAddress": "asf\n\n\nadsf",
    "authMode": "A",
    "_SP.charEnc": "UTF-8",
    "rawAuthCode": "A",
    "authAmount": "199.00",
    "M_shopperReference": "D319FE4F-97C8-4DAA-BB01-D5FA3D1EC4BF",
    "msgType": [
        "authResult",
        "authResult"
    ],
    "countryMatch": "S",
    "transId": "146984767",
    "email": "anderson.spam.br@gmail.com",
    "transTime": "1375377834216",
    "fax": "",
    "authCurrency": "EUR",
    "compName": "Larry's List Limited",
    "wafMerchMessage": "waf.warning",
    "address1": "asf",
    "address2": "",
    "address3": "",
    "town": "adsf",
    "cardType": "MasterCard",
    "address": "asf\n\n\nadsf",
    "desc": "",
    "lang": "en",
    "installation": [
        "301925",
        "301925"
    ],
    "name": "Test",
    "cartId": "0056227D-A1B0-4F6D-B185-B3B87437C607",
    "country": "DE",
    "region": "",
    "callbackPW": "",
    "authCost": "199.00",
    "AVS": "1111",
    "amount": "199.00",
    "cost": "199.00",
    "transStatus": "Y",
    "ipAddress": "24.134.73.33",
    "postcode": ""
}
HARRY-LAPTOP 2013-08-13 12:56:01.6913 INFO /0.0.1/web/credit/paymentresult Parameter {
    "tel": "",
    "instId": "301925",
    "countryString": "Germany",
    "currency": "EUR",
    "charenc": "UTF-8",
    "amountString": "EUR199.00",
    "routeKey": "ECMC-SSL",
    "testMode": "100",
    "rawAuthMessage": "cardbe.msg.authorised",
    "authAmountString": "EUR199.00",
    "displayAddress": "asf\n\n\nadsf",
    "authMode": "A",
    "_SP.charEnc": "UTF-8",
    "rawAuthCode": "A",
    "authAmount": "199.00",
    "M_shopperReference": "D319FE4F-97C8-4DAA-BB01-D5FA3D1EC4BF",
    "msgType": [
        "authResult",
        "authResult"
    ],
    "countryMatch": "S",
    "transId": "146984767",
    "email": "anderson.spam.br@gmail.com",
    "transTime": "1375377834216",
    "fax": "",
    "authCurrency": "EUR",
    "compName": "Larry's List Limited",
    "wafMerchMessage": "waf.warning",
    "address1": "asf",
    "address2": "",
    "address3": "",
    "town": "adsf",
    "cardType": "MasterCard",
    "address": "asf\n\n\nadsf",
    "desc": "",
    "lang": "en",
    "installation": [
        "301925",
        "301925"
    ],
    "name": "Test",
    "cartId": "0056227D-A1B0-4F6D-B185-B3B87437C607",
    "country": "DE",
    "region": "",
    "callbackPW": "",
    "authCost": "199.00",
    "AVS": "1111",
    "amount": "199.00",
    "cost": "199.00",
    "transStatus": "Y",
    "ipAddress": "24.134.73.33",
    "postcode": ""
}
