HARRY-PC 2013-02-11 20:34:58.0112 INFO /0.0.1/web/credit/buy Parameter {"userToken":"FAA7DD5F-E1E8-4631-944F-3B611D543A5F", 
"paymentOptionToken":"B675D6DC-F89E-42D2-AD9D-CE4D2E05BED9",
"method":"VISA", 
"holder":"asd",
"expiryYear":"2016",
"expiryMonth":"06",
"number":"4111111111111111",
"cvs":"737"
}
HARRY-PC 2013-02-11 20:35:21.2141 ERROR System.NullReferenceException: Object reference not set to an instance of an object.
   at LarrysList.Services.PaymentService.Pay..ctor(Payment _payment, String _userToken) in c:\LarrysList\code\LarrysList\LarrysList\Services\Payment\Pay.cs:line 16
   at LarrysList.Controllers.Web.CreditController.buy(Payment payment) in c:\LarrysList\code\LarrysList\LarrysList\Controllers\Web\CreditController.cs:line 18|||{"userToken":"FAA7DD5F-E1E8-4631-944F-3B611D543A5F", 
"paymentOptionToken":"B675D6DC-F89E-42D2-AD9D-CE4D2E05BED9",
"method":"VISA", 
"holder":"asd",
"expiryYear":"2016",
"expiryMonth":"06",
"number":"4111111111111111",
"cvs":"737"
}
HARRY-PC 2013-02-11 20:36:07.9273 INFO /0.0.1/web/credit/buy Parameter {"userToken":"FAA7DD5F-E1E8-4631-944F-3B611D543A5F", 
"paymentOptionToken":"B675D6DC-F89E-42D2-AD9D-CE4D2E05BED9",
"method":"VISA", 
"holder":"asd",
"expiryYear":"2016",
"expiryMonth":"06",
"number":"4111111111111111",
"cvs":"737"
}
HARRY-PC 2013-02-11 20:38:10.4946 ERROR System.NullReferenceException: Object reference not set to an instance of an object.
   at LarrysList.Services.PaymentService.Pay..ctor(Payment _payment, String _userToken) in c:\LarrysList\code\LarrysList\LarrysList\Services\Payment\Pay.cs:line 16
   at LarrysList.Controllers.Web.CreditController.buy(Payment payment) in c:\LarrysList\code\LarrysList\LarrysList\Controllers\Web\CreditController.cs:line 18|||{"userToken":"FAA7DD5F-E1E8-4631-944F-3B611D543A5F", 
"paymentOptionToken":"B675D6DC-F89E-42D2-AD9D-CE4D2E05BED9",
"method":"VISA", 
"holder":"asd",
"expiryYear":"2016",
"expiryMonth":"06",
"number":"4111111111111111",
"cvs":"737"
}
HARRY-PC 2013-02-11 20:38:14.1290 INFO /0.0.1/web/credit/buy Parameter {"userToken":"FAA7DD5F-E1E8-4631-944F-3B611D543A5F", 
"paymentOptionToken":"B675D6DC-F89E-42D2-AD9D-CE4D2E05BED9",
"method":"VISA", 
"holder":"asd",
"expiryYear":"2016",
"expiryMonth":"06",
"number":"4111111111111111",
"cvs":"737"
}
HARRY-PC 2013-02-11 20:39:19.3613 INFO /0.0.1/web/credit/buy Parameter {"userToken":"FAA7DD5F-E1E8-4631-944F-3B611D543A5F", 
"paymentOptionToken":"B675D6DC-F89E-42D2-AD9D-CE4D2E05BED9",
"method":"VISA", 
"holder":"asd",
"expiryYear":"2016",
"expiryMonth":"06",
"number":"4111111111111111",
"cvs":"737"
}
HARRY-PC 2013-02-11 20:39:33.6690 ERROR System.NullReferenceException: Object reference not set to an instance of an object.
   at LarrysList.Services.PaymentService.Pay..ctor(Payment _payment, String _userToken) in c:\LarrysList\code\LarrysList\LarrysList\Services\Payment\Pay.cs:line 16
   at LarrysList.Controllers.Web.CreditController.buy(Payment payment) in c:\LarrysList\code\LarrysList\LarrysList\Controllers\Web\CreditController.cs:line 17|||{"userToken":"FAA7DD5F-E1E8-4631-944F-3B611D543A5F", 
"paymentOptionToken":"B675D6DC-F89E-42D2-AD9D-CE4D2E05BED9",
"method":"VISA", 
"holder":"asd",
"expiryYear":"2016",
"expiryMonth":"06",
"number":"4111111111111111",
"cvs":"737"
}
HARRY-PC 2013-02-11 20:39:36.3197 INFO /0.0.1/web/credit/buy Parameter {"userToken":"FAA7DD5F-E1E8-4631-944F-3B611D543A5F", 
"paymentOptionToken":"B675D6DC-F89E-42D2-AD9D-CE4D2E05BED9",
"method":"VISA", 
"holder":"asd",
"expiryYear":"2016",
"expiryMonth":"06",
"number":"4111111111111111",
"cvs":"737"
}
HARRY-PC 2013-02-11 20:39:54.2887 ERROR System.NullReferenceException: Object reference not set to an instance of an object.
   at LarrysList.Services.PaymentService.Pay..ctor(Payment _payment, String _userToken) in c:\LarrysList\code\LarrysList\LarrysList\Services\Payment\Pay.cs:line 16
   at LarrysList.Controllers.Web.CreditController.buy(Payment payment) in c:\LarrysList\code\LarrysList\LarrysList\Controllers\Web\CreditController.cs:line 17|||{"userToken":"FAA7DD5F-E1E8-4631-944F-3B611D543A5F", 
"paymentOptionToken":"B675D6DC-F89E-42D2-AD9D-CE4D2E05BED9",
"method":"VISA", 
"holder":"asd",
"expiryYear":"2016",
"expiryMonth":"06",
"number":"4111111111111111",
"cvs":"737"
}
HARRY-PC 2013-02-11 20:39:55.4818 INFO /0.0.1/web/credit/buy Parameter {"userToken":"FAA7DD5F-E1E8-4631-944F-3B611D543A5F", 
"paymentOptionToken":"B675D6DC-F89E-42D2-AD9D-CE4D2E05BED9",
"method":"VISA", 
"holder":"asd",
"expiryYear":"2016",
"expiryMonth":"06",
"number":"4111111111111111",
"cvs":"737"
}
HARRY-PC 2013-02-11 20:40:04.3483 ERROR System.NullReferenceException: Object reference not set to an instance of an object.
   at LarrysList.Services.PaymentService.Pay..ctor(Payment _payment, String _userToken) in c:\LarrysList\code\LarrysList\LarrysList\Services\Payment\Pay.cs:line 16
   at LarrysList.Controllers.Web.CreditController.buy(Payment payment) in c:\LarrysList\code\LarrysList\LarrysList\Controllers\Web\CreditController.cs:line 17|||{"userToken":"FAA7DD5F-E1E8-4631-944F-3B611D543A5F", 
"paymentOptionToken":"B675D6DC-F89E-42D2-AD9D-CE4D2E05BED9",
"method":"VISA", 
"holder":"asd",
"expiryYear":"2016",
"expiryMonth":"06",
"number":"4111111111111111",
"cvs":"737"
}
HARRY-PC 2013-02-11 20:40:26.6248 INFO /0.0.1/web/credit/buy Parameter {"userToken":"FAA7DD5F-E1E8-4631-944F-3B611D543A5F", 
"paymentOptionToken":"B675D6DC-F89E-42D2-AD9D-CE4D2E05BED9",
"method":"VISA", 
"holder":"asd",
"expiryYear":"2016",
"expiryMonth":"06",
"number":"4111111111111111",
"cvs":"737"
}
HARRY-PC 2013-02-11 20:41:41.9557 ERROR System.Collections.Generic.KeyNotFoundException: The given key was not present in the dictionary.
   at System.Collections.Generic.Dictionary`2.get_Item(TKey key)
   at LarrysList.Services.PaymentService.PaymentEndPoint..ctor() in c:\LarrysList\code\LarrysList\LarrysList\Services\Payment\PaymentEndPoint.cs:line 18
   at LarrysList.Services.PaymentService.ProcessPayment..ctor(Payment _payment) in c:\LarrysList\code\LarrysList\LarrysList\Services\Payment\ProcessPayment.cs:line 29
   at LarrysList.Services.PaymentService.Pay.makePayment() in c:\LarrysList\code\LarrysList\LarrysList\Services\Payment\Pay.cs:line 34
   at LarrysList.Controllers.Web.CreditController.buy(Payment payment) in c:\LarrysList\code\LarrysList\LarrysList\Controllers\Web\CreditController.cs:line 17|||{"userToken":"FAA7DD5F-E1E8-4631-944F-3B611D543A5F", 
"paymentOptionToken":"B675D6DC-F89E-42D2-AD9D-CE4D2E05BED9",
"method":"VISA", 
"holder":"asd",
"expiryYear":"2016",
"expiryMonth":"06",
"number":"4111111111111111",
"cvs":"737"
}
HARRY-PC 2013-02-11 20:42:02.0105 INFO /0.0.1/web/credit/buy Parameter {"userToken":"FAA7DD5F-E1E8-4631-944F-3B611D543A5F", 
"paymentOptionToken":"B675D6DC-F89E-42D2-AD9D-CE4D2E05BED9",
"method":"VISA", 
"holder":"asd",
"expiryYear":"2016",
"expiryMonth":"06",
"number":"4111111111111111",
"cvs":"737"
}
